0 info it worked if it ends with ok
1 verbose cli [ '/home/aaron/.nvm/versions/node/v6.9.1/bin/node',
1 verbose cli   '/home/aaron/.nvm/versions/node/v6.9.1/bin/npm',
1 verbose cli   'run',
1 verbose cli   'start' ]
2 info using npm@3.10.8
3 info using node@v6.9.1
4 verbose run-script [ 'prestart', 'start', 'poststart' ]
5 info lifecycle burtdev@0.0.1~prestart: burtdev@0.0.1
6 silly lifecycle burtdev@0.0.1~prestart: no script for prestart, continuing
7 info lifecycle burtdev@0.0.1~start: burtdev@0.0.1
8 verbose lifecycle burtdev@0.0.1~start: unsafe-perm in lifecycle true
9 verbose lifecycle burtdev@0.0.1~start: PATH: /home/aaron/.nvm/versions/node/v6.9.1/lib/node_modules/npm/bin/node-gyp-bin:/home/aaron/dev/burtdev-net/node_modules/.bin:/home/aaron/.nvm/versions/node/v6.9.1/bin:/usr/local/sbin:/usr/local/bin:/usr/sbin:/usr/bin:/sbin:/bin:/usr/games:/usr/local/games:/snap/bin
10 verbose lifecycle burtdev@0.0.1~start: CWD: /home/aaron/dev/burtdev-net
11 silly lifecycle burtdev@0.0.1~start: Args: [ '-c', 'webpack-dev-server --progress --colors' ]
12 silly lifecycle burtdev@0.0.1~start: Returned: code: 1  signal: null
13 info lifecycle burtdev@0.0.1~start: Failed to exec start script
14 verbose stack Error: burtdev@0.0.1 start: `webpack-dev-server --progress --colors`
14 verbose stack Exit status 1
14 verbose stack     at EventEmitter.<anonymous> (/home/aaron/.nvm/versions/node/v6.9.1/lib/node_modules/npm/lib/utils/lifecycle.js:255:16)
14 verbose stack     at emitTwo (events.js:106:13)
14 verbose stack     at EventEmitter.emit (events.js:191:7)
14 verbose stack     at ChildProcess.<anonymous> (/home/aaron/.nvm/versions/node/v6.9.1/lib/node_modules/npm/lib/utils/spawn.js:40:14)
14 verbose stack     at emitTwo (events.js:106:13)
14 verbose stack     at ChildProcess.emit (events.js:191:7)
14 verbose stack     at maybeClose (internal/child_process.js:877:16)
14 verbose stack     at Process.ChildProcess._handle.onexit (internal/child_process.js:226:5)
15 verbose pkgid burtdev@0.0.1
16 verbose cwd /home/aaron/dev/burtdev-net
17 error Linux 4.4.0-87-generic
18 error argv "/home/aaron/.nvm/versions/node/v6.9.1/bin/node" "/home/aaron/.nvm/versions/node/v6.9.1/bin/npm" "run" "start"
19 error node v6.9.1
20 error npm  v3.10.8
21 error code ELIFECYCLE
22 error burtdev@0.0.1 start: `webpack-dev-server --progress --colors`
22 error Exit status 1
23 error Failed at the burtdev@0.0.1 start script 'webpack-dev-server --progress --colors'.
23 error Make sure you have the latest version of node.js and npm installed.
23 error If you do, this is most likely a problem with the burtdev package,
23 error not with npm itself.
23 error Tell the author that this fails on your system:
23 error     webpack-dev-server --progress --colors
23 error You can get information on how to open an issue for this project with:
23 error     npm bugs burtdev
23 error Or if that isn't available, you can get their info via:
23 error     npm owner ls burtdev
23 error There is likely additional logging output above.
24 verbose exit [ 1, true ]
